<?xml version="1.0" encoding="UTF-8"?>
<!-- Generated by org.testng.reporters.JUnitReportReporter -->
<testsuite hostname="TGA0045ALKHTABD" name="com.prokarma.web.demo.jaxws.JaxWSTest" tests="1" failures="0" timestamp="17 Dec 2015 14:56:10 GMT" time="7.085" errors="0">
  <testcase name="testJAXWSService" time="7.085" classname="com.prokarma.web.demo.jaxws.JaxWSTest"/>
</testsuite> <!-- com.prokarma.web.demo.jaxws.JaxWSTest -->
