<?xml version="1.0" encoding="UTF-8"?>
<!-- Generated by org.testng.reporters.JUnitReportReporter -->
<testsuite hostname="TGA0045ALKHTABD" name="com.prokarma.web.demo.jaxws.JaxWSTest" tests="1" failures="0" timestamp="16 Dec 2015 18:52:40 GMT" time="2.128" errors="0">
  <testcase name="testJAXWSService" time="2.128" classname="com.prokarma.web.demo.jaxws.JaxWSTest"/>
</testsuite> <!-- com.prokarma.web.demo.jaxws.JaxWSTest -->
